shop------url[Product/detail]----
  【sql报错语句】 SELECT `con`, `gg_con_title`, `gg_con_title_gg`, `gg_con_ids`, `select_md5`FROM `dfshop_cat_gg_product`WHERE `product_id` = '10004'ORDER BY `id` desc
[0] D:\phpstudy\WWW\dfshop\application\models\Base_get_model.php line: 32
[1] D:\phpstudy\WWW\dfshop\application\models\Base_Product_model.php line: 66---Unknown column 'gg_con_title_gg' in 'field list'

shop------url[Product/detail]----
  【sql报错语句】 SELECT `con`, `gg_con_title`, `gg_con_title_gg`, `gg_con_ids`, `select_md5`FROM `dfshop_cat_gg_product`WHERE `product_id` = '10001'ORDER BY `id` desc
[0] D:\phpstudy\WWW\dfshop\application\models\Base_get_model.php line: 32
[1] D:\phpstudy\WWW\dfshop\application\models\Base_Product_model.php line: 66---Unknown column 'gg_con_title_gg' in 'field list'

shop------url[Product/detail]----
  【sql报错语句】 SELECT `con`, `gg_con_title`, `gg_con_title_gg`, `gg_con_ids`, `select_md5`FROM `dfshop_cat_gg_product`WHERE `product_id` = '10008'ORDER BY `id` desc
[0] D:\phpstudy\WWW\dfshop\application\models\Base_get_model.php line: 32
[1] D:\phpstudy\WWW\dfshop\application\models\Base_Product_model.php line: 66---Unknown column 'gg_con_title_gg' in 'field list'

shop------url[Product/detail]----
  【sql报错语句】 SELECT `con`, `gg_con_title`, `gg_con_title_gg`, `gg_con_ids`, `select_md5`FROM `dfshop_cat_gg_product`WHERE `product_id` = '10009'ORDER BY `id` desc
[0] D:\phpstudy\WWW\dfshop\application\models\Base_get_model.php line: 32
[1] D:\phpstudy\WWW\dfshop\application\models\Base_Product_model.php line: 66---Unknown column 'gg_con_title_gg' in 'field list'

shop------url[Product/detail]----
  【sql报错语句】 SELECT `con`, `gg_con_title`, `gg_con_title_gg`, `gg_con_ids`, `select_md5`FROM `dfshop_cat_gg_product`WHERE `product_id` = '10009'ORDER BY `id` desc
[0] D:\phpstudy\WWW\dfshop\application\models\Base_get_model.php line: 32
[1] D:\phpstudy\WWW\dfshop\application\models\Base_Product_model.php line: 66---Unknown column 'gg_con_title_gg' in 'field list'

shop------url[Product/detail]----
  【sql报错语句】 SELECT `con`, `gg_con_title`, `gg_con_title_gg`, `gg_con_ids`, `select_md5`FROM `dfshop_cat_gg_product`WHERE `product_id` = '10006'ORDER BY `id` desc
[0] D:\phpstudy\WWW\dfshop\application\models\Base_get_model.php line: 32
[1] D:\phpstudy\WWW\dfshop\application\models\Base_Product_model.php line: 66---Unknown column 'gg_con_title_gg' in 'field list'

shop------url[Product/detail]----
  【sql报错语句】 SELECT `con`, `gg_con_title`, `gg_con_title_gg`, `gg_con_ids`, `select_md5`FROM `dfshop_cat_gg_product`WHERE `product_id` = '10007'ORDER BY `id` desc
[0] D:\phpstudy\WWW\dfshop\application\models\Base_get_model.php line: 32
[1] D:\phpstudy\WWW\dfshop\application\models\Base_Product_model.php line: 66---Unknown column 'gg_con_title_gg' in 'field list'

shop------url[Product/detail]----
  【sql报错语句】 SELECT `con`, `gg_con_title`, `gg_con_title_gg`, `gg_con_ids`, `select_md5`FROM `dfshop_cat_gg_product`WHERE `product_id` = '10004'ORDER BY `id` desc
[0] D:\phpstudy\WWW\dfshop\application\models\Base_get_model.php line: 32
[1] D:\phpstudy\WWW\dfshop\application\models\Base_Product_model.php line: 66---Unknown column 'gg_con_title_gg' in 'field list'

shop------url[Product/detail]----
  【sql报错语句】 SELECT `con`, `gg_con_title`, `gg_con_title_gg`, `gg_con_ids`, `select_md5`FROM `dfshop_cat_gg_product`WHERE `product_id` = '10004'ORDER BY `id` desc
[0] D:\phpstudy\WWW\dfshop\application\models\Base_get_model.php line: 32
[1] D:\phpstudy\WWW\dfshop\application\models\Base_Product_model.php line: 66---Unknown column 'gg_con_title_gg' in 'field list'

spuser------url[Cart/create_order]----
  【sql报错语句】 INSERT INTO `dfshop_product_order_pro` () VALUES ('测试商品','99.00','10009','1','10.0000'), ('测试商品','99.00','10006','1','10.0000'), Array
[0] D:\phpstudy\WWW\dfshop\application\models\Base_Order_model.php line: 37
[1] D:\phpstudy\WWW\dfshop\application\controllers\spuser\Cart.php line: 457---You have an error in your SQL syntax; check the manual that corresponds to your MySQL server version for the right syntax to use near 'Array' at line 1

spuser------url[Cart/create_order]----
  【sql报错语句】 INSERT INTO `dfshop_product_order_pro` () VALUES ('测试商品','99.00','10009','1','10.0000'), ('测试商品','99.00','10006','1','10.0000'), Array
[0] D:\phpstudy\WWW\dfshop\application\models\Base_Order_model.php line: 37
[1] D:\phpstudy\WWW\dfshop\application\controllers\spuser\Cart.php line: 457---You have an error in your SQL syntax; check the manual that corresponds to your MySQL server version for the right syntax to use near 'Array' at line 1

shop------url[Product/detail]----
  【sql报错语句】 SELECT `con`, `gg_con_title`, `gg_con_title_gg`, `gg_con_ids`, `select_md5`FROM `dfshop_cat_gg_product`WHERE `product_id` = '10009'ORDER BY `id` desc
[0] D:\phpstudy\WWW\dfshop\application\models\Base_get_model.php line: 32
[1] D:\phpstudy\WWW\dfshop\application\models\Base_Product_model.php line: 66---Unknown column 'gg_con_title_gg' in 'field list'

shop------url[Product/detail]----
  【sql报错语句】 SELECT `con`, `gg_con_title`, `gg_con_title_gg`, `gg_con_ids`, `select_md5`FROM `dfshop_cat_gg_product`WHERE `product_id` = '10009'ORDER BY `id` desc
[0] D:\phpstudy\WWW\dfshop\application\models\Base_get_model.php line: 32
[1] D:\phpstudy\WWW\dfshop\application\models\Base_Product_model.php line: 66---Unknown column 'gg_con_title_gg' in 'field list'

shop------url[Product/detail]----
  【sql报错语句】 SELECT `con`, `gg_con_title`, `gg_con_title_gg`, `gg_con_ids`, `select_md5`FROM `dfshop_cat_gg_product`WHERE `product_id` = '10005'ORDER BY `id` desc
[0] D:\phpstudy\WWW\dfshop\application\models\Base_get_model.php line: 32
[1] D:\phpstudy\WWW\dfshop\application\models\Base_Product_model.php line: 66---Unknown column 'gg_con_title_gg' in 'field list'

shop------url[Product/detail]----
  【sql报错语句】 SELECT `con`, `gg_con_title`, `gg_con_title_gg`, `gg_con_ids`, `select_md5`FROM `dfshop_cat_gg_product`WHERE `product_id` = '10005'ORDER BY `id` desc
[0] D:\phpstudy\WWW\dfshop\application\models\Base_get_model.php line: 32
[1] D:\phpstudy\WWW\dfshop\application\models\Base_Product_model.php line: 66---Unknown column 'gg_con_ids' in 'field list'

shop------url[Product/detail]----
  【sql报错语句】 SELECT `con`, `gg_con_title`, `gg_con_title_gg`, `gg_con_ids`, `select_md5`FROM `dfshop_cat_gg_product`WHERE `product_id` = '10005'ORDER BY `id` desc
[0] D:\phpstudy\WWW\dfshop\application\models\Base_get_model.php line: 32
[1] D:\phpstudy\WWW\dfshop\application\models\Base_Product_model.php line: 66---Unknown column 'gg_con_ids' in 'field list'

shop------url[Product/detail]----
  【sql报错语句】 SELECT `con`, `gg_con_title`, `gg_con_title_gg`, `gg_con_ids`, `select_md5`FROM `dfshop_cat_gg_product`WHERE `product_id` = '10005'ORDER BY `id` desc
[0] D:\phpstudy\WWW\dfshop\application\models\Base_get_model.php line: 32
[1] D:\phpstudy\WWW\dfshop\application\models\Base_Product_model.php line: 66---Unknown column 'gg_con_ids' in 'field list'

shop------url[Product/detail]----
  【sql报错语句】 SELECT `con`, `gg_con_title`, `gg_con_title_gg`, `gg_con_ids`, `select_md5`FROM `dfshop_cat_gg_product`WHERE `product_id` = '10005'ORDER BY `id` desc
[0] D:\phpstudy\WWW\dfshop\application\models\Base_get_model.php line: 32
[1] D:\phpstudy\WWW\dfshop\application\models\Base_Product_model.php line: 66---Unknown column 'gg_con_ids' in 'field list'

shop------url[Product/detail]----
  【sql报错语句】 SELECT `con`, `gg_con_title`, `gg_con_title_gg`, `gg_con_ids`, `select_md5`FROM `dfshop_cat_gg_product`WHERE `product_id` = '10005'ORDER BY `id` desc
[0] D:\phpstudy\WWW\dfshop\application\models\Base_get_model.php line: 35
[1] D:\phpstudy\WWW\dfshop\application\models\Base_Product_model.php line: 67---Unknown column 'gg_con_ids' in 'field list'

shop------url[Product/detail]----
  【sql报错语句】 SELECT `con`, `gg_con_title`, `gg_con_title_gg`, `gg_con_ids`, `select_md5`FROM `dfshop_cat_gg_product`WHERE `product_id` = '10005'ORDER BY `id` desc
[0] D:\phpstudy\WWW\dfshop\application\models\Base_get_model.php line: 35
[1] D:\phpstudy\WWW\dfshop\application\models\Base_Product_model.php line: 67---Unknown column 'gg_con_ids' in 'field list'

shop------url[Product/detail]----
  【sql报错语句】 SELECT `con`, `gg_con_title`, `gg_con_title_gg`, `gg_con_ids`, `select_md5`FROM `dfshop_cat_gg_product`WHERE `product_id` = '10005'ORDER BY `id` desc
[0] D:\phpstudy\WWW\dfshop\application\models\Base_get_model.php line: 35
[1] D:\phpstudy\WWW\dfshop\application\models\Base_Product_model.php line: 67---Unknown column 'gg_con_ids' in 'field list'

shop------url[Product/detail]----
  【sql报错语句】 SELECT `con`, `gg_con_title`, `gg_con_title_gg`, `gg_con_ids`, `select_md5`FROM `dfshop_cat_gg_product`WHERE `product_id` = '10009'ORDER BY `id` desc
[0] D:\phpstudy\WWW\dfshop\application\models\Base_get_model.php line: 35
[1] D:\phpstudy\WWW\dfshop\application\models\Base_Product_model.php line: 67---Unknown column 'gg_con_ids' in 'field list'

